<?xml version="1.0" encoding="UTF-8"?>
<coverage generated="1536090282952" clover="3.2.0">
  <project timestamp="1536090282968" name="All files">
    <metrics statements="3" coveredstatements="2" conditionals="0" coveredconditionals="0" methods="1" coveredmethods="0" elements="4" coveredelements="2" complexity="0" loc="3" ncloc="3" packages="1" files="1" classes="1">
      <file name="mdLinks.js" path="C:\Users\YOCELIN\Documents\Laboratoria\javascript\cdmx-2018-01-FE-markdown\lib\mdLinks.js">
        <metrics statements="3" coveredstatements="2" conditionals="0" coveredconditionals="0" methods="1" coveredmethods="0"/>
        <line num="5" count="1" type="stmt"/>
        <line num="6" count="0" type="stmt"/>
        <line num="9" count="1" type="stmt"/>
      </file>
    </metrics>
  </project>
</coverage>
