{"C:\\Users\\YOCELIN\\Documents\\Laboratoria\\javascript\\cdmx-2018-01-FE-markdown\\lib\\mdLinks.js": {"path":"C:\\Users\\YOCELIN\\Documents\\Laboratoria\\javascript\\cdmx-2018-01-FE-markdown\\lib\\mdLinks.js","statementMap":{"0":{"start":{"line":5,"column":16},"end":{"line":7,"column":1}},"1":{"start":{"line":6,"column":2},"end":{"line":6,"column":30}},"2":{"start":{"line":9,"column":0},"end":{"line":9,"column":25}}},"fnMap":{"0":{"name":"(anonymous_0)","decl":{"start":{"line":5,"column":16},"end":{"line":5,"column":17}},"loc":{"start":{"line":5,"column":35},"end":{"line":7,"column":1}},"line":5}},"branchMap":{},"s":{"0":1,"1":0,"2":1},"f":{"0":0},"b":{},"_coverageSchema":"332fd63041d2c1bcb487cc26dd0d5f7d97098a6c","hash":"d526030f93e3c690d8ca976bc2a213ab04b2eb04"}
}
